<?xml version="1.0" encoding="UTF-8"?>
<testsuite xmlns:xsi="http://www.w3.org/2001/XMLSchema-instance" xsi:noNamespaceSchemaLocation="https://maven.apache.org/surefire/maven-surefire-plugin/xsd/surefire-test-report.xsd" name="com.mycompany.eduardocoteron08_entornosexev2.RelojTest" time="0.041" tests="10" errors="10" skipped="0" failures="0">
  <properties>
[...]
</properties>
  <testcase name="testGetSegundo" classname="com.mycompany.eduardocoteron08_entornosexev2.RelojTest" time="0.019">
    <error message="Cannot invoke &quot;com.mycompany.eduardocoteron08_entornosexev2.Reloj.getSegundo()&quot; because &quot;instance&quot; is null" type="java.lang.NullPointerException">java.lang.NullPointerException: Cannot invoke "com.mycompany.eduardocoteron08_entornosexev2.Reloj.getSegundo()" because "instance" is null
	at com.mycompany.eduardocoteron08_entornosexev2.RelojTest.testGetSegundo(RelojTest.java:114)
</error>
    <system-out><![CDATA[getSegundo
]]></system-out>
  </testcase>
  <testcase name="testGetHora" classname="com.mycompany.eduardocoteron08_entornosexev2.RelojTest" time="0.001">
    <error message="Cannot invoke &quot;com.mycompany.eduardocoteron08_entornosexev2.Reloj.getHora()&quot; because &quot;instance&quot; is null" type="java.lang.NullPointerException">java.lang.NullPointerException: Cannot invoke "com.mycompany.eduardocoteron08_entornosexev2.Reloj.getHora()" because "instance" is null
	at com.mycompany.eduardocoteron08_entornosexev2.RelojTest.testGetHora(RelojTest.java:86)
</error>
    <system-out><![CDATA[getHora
]]></system-out>
  </testcase>
  <testcase name="testSetSegundo" classname="com.mycompany.eduardocoteron08_entornosexev2.RelojTest" time="0.001">
    <error message="Cannot invoke &quot;com.mycompany.eduardocoteron08_entornosexev2.Reloj.setSegundo(int)&quot; because &quot;instance&quot; is null" type="java.lang.NullPointerException">java.lang.NullPointerException: Cannot invoke "com.mycompany.eduardocoteron08_entornosexev2.Reloj.setSegundo(int)" because "instance" is null
	at com.mycompany.eduardocoteron08_entornosexev2.RelojTest.testSetSegundo(RelojTest.java:73)
</error>
    <system-out><![CDATA[setSegundo
]]></system-out>
  </testcase>
  <testcase name="testIncrementa" classname="com.mycompany.eduardocoteron08_entornosexev2.RelojTest" time="0.001">
    <error message="Cannot invoke &quot;com.mycompany.eduardocoteron08_entornosexev2.Reloj.incrementa()&quot; because &quot;instance&quot; is null" type="java.lang.NullPointerException">java.lang.NullPointerException: Cannot invoke "com.mycompany.eduardocoteron08_entornosexev2.Reloj.incrementa()" because "instance" is null
	at com.mycompany.eduardocoteron08_entornosexev2.RelojTest.testIncrementa(RelojTest.java:127)
</error>
    <system-out><![CDATA[incrementa
]]></system-out>
  </testcase>
  <testcase name="testDecrementa" classname="com.mycompany.eduardocoteron08_entornosexev2.RelojTest" time="0.001">
    <error message="Cannot invoke &quot;com.mycompany.eduardocoteron08_entornosexev2.Reloj.decrementa()&quot; because &quot;instance&quot; is null" type="java.lang.NullPointerException">java.lang.NullPointerException: Cannot invoke "com.mycompany.eduardocoteron08_entornosexev2.Reloj.decrementa()" because "instance" is null
	at com.mycompany.eduardocoteron08_entornosexev2.RelojTest.testDecrementa(RelojTest.java:139)
</error>
    <system-out><![CDATA[decrementa
]]></system-out>
  </testcase>
  <testcase name="testSetMinuto" classname="com.mycompany.eduardocoteron08_entornosexev2.RelojTest" time="0.001">
    <error message="Cannot invoke &quot;com.mycompany.eduardocoteron08_entornosexev2.Reloj.setMinuto(int)&quot; because &quot;instance&quot; is null" type="java.lang.NullPointerException">java.lang.NullPointerException: Cannot invoke "com.mycompany.eduardocoteron08_entornosexev2.Reloj.setMinuto(int)" because "instance" is null
	at com.mycompany.eduardocoteron08_entornosexev2.RelojTest.testSetMinuto(RelojTest.java:60)
</error>
    <system-out><![CDATA[setMinuto
]]></system-out>
  </testcase>
  <testcase name="testGetMinuto" classname="com.mycompany.eduardocoteron08_entornosexev2.RelojTest" time="0.001">
    <error message="Cannot invoke &quot;com.mycompany.eduardocoteron08_entornosexev2.Reloj.getMinuto()&quot; because &quot;instance&quot; is null" type="java.lang.NullPointerException">java.lang.NullPointerException: Cannot invoke "com.mycompany.eduardocoteron08_entornosexev2.Reloj.getMinuto()" because "instance" is null
	at com.mycompany.eduardocoteron08_entornosexev2.RelojTest.testGetMinuto(RelojTest.java:100)
</error>
    <system-out><![CDATA[getMinuto
]]></system-out>
  </testcase>
  <testcase name="testHora12" classname="com.mycompany.eduardocoteron08_entornosexev2.RelojTest" time="0.001">
    <error message="Cannot invoke &quot;com.mycompany.eduardocoteron08_entornosexev2.Reloj.hora12()&quot; because &quot;instance&quot; is null" type="java.lang.NullPointerException">java.lang.NullPointerException: Cannot invoke "com.mycompany.eduardocoteron08_entornosexev2.Reloj.hora12()" because "instance" is null
	at com.mycompany.eduardocoteron08_entornosexev2.RelojTest.testHora12(RelojTest.java:152)
</error>
    <system-out><![CDATA[hora12
]]></system-out>
  </testcase>
  <testcase name="testHora24" classname="com.mycompany.eduardocoteron08_entornosexev2.RelojTest" time="0.001">
    <error message="Cannot invoke &quot;com.mycompany.eduardocoteron08_entornosexev2.Reloj.hora24()&quot; because &quot;instance&quot; is null" type="java.lang.NullPointerException">java.lang.NullPointerException: Cannot invoke "com.mycompany.eduardocoteron08_entornosexev2.Reloj.hora24()" because "instance" is null
	at com.mycompany.eduardocoteron08_entornosexev2.RelojTest.testHora24(RelojTest.java:166)
</error>
    <system-out><![CDATA[hora24
]]></system-out>
  </testcase>
  <testcase name="testSetHora" classname="com.mycompany.eduardocoteron08_entornosexev2.RelojTest" time="0.001">
    <error message="Cannot invoke &quot;com.mycompany.eduardocoteron08_entornosexev2.Reloj.setHora(int)&quot; because &quot;instance&quot; is null" type="java.lang.NullPointerException">java.lang.NullPointerException: Cannot invoke "com.mycompany.eduardocoteron08_entornosexev2.Reloj.setHora(int)" because "instance" is null
	at com.mycompany.eduardocoteron08_entornosexev2.RelojTest.testSetHora(RelojTest.java:47)
</error>
    <system-out><![CDATA[setHora
]]></system-out>
  </testcase>
</testsuite>